<?xml version="1.0" encoding="UTF-8"?>
<!-- Generated by org.testng.reporters.JUnitReportReporter -->
<testsuite hostname="LAPTOP-2FP3BBI0" failures="0" tests="1" name="com.actitimeatestcase.TC_LoginTest_01" time="11.443" errors="0" timestamp="2022-05-17T11:41:21 IST" skipped="0">
  <testcase classname="com.actitimeatestcase.TC_LoginTest_01" name="testcaseTest" time="11.443"/>
  <system-out/>
</testsuite> <!-- com.actitimeatestcase.TC_LoginTest_01 -->
