<?xml version="1.0" encoding="UTF-8"?>
<!-- Generated by org.testng.reporters.JUnitReportReporter -->
<testsuite hostname="LAPTOP-2FP3BBI0" failures="0" tests="1" name="ActitimeTest" time="11.354" errors="0" timestamp="2022-05-15T23:41:46 IST" skipped="0">
  <testcase classname="ActitimeTest" name="LoginTest" time="11.354"/>
  <system-out/>
</testsuite> <!-- ActitimeTest -->
